1575968919990	mozrunner::runner	INFO	Running command: "/usr/bin/firefox" "-marionette" "-foreground" "-no-remote" "-profile" "/tmp/rust_mozprofilenaFEqj"
1575968920799	addons.webextension.screenshots@mozilla.org	WARN	Loading extension 'screenshots@mozilla.org': Reading manifest: Invalid extension permission: mozillaAddons
1575968920799	addons.webextension.screenshots@mozilla.org	WARN	Loading extension 'screenshots@mozilla.org': Reading manifest: Invalid extension permission: telemetry
1575968920800	addons.webextension.screenshots@mozilla.org	WARN	Loading extension 'screenshots@mozilla.org': Reading manifest: Invalid extension permission: resource://pdf.js/
1575968920800	addons.webextension.screenshots@mozilla.org	WARN	Loading extension 'screenshots@mozilla.org': Reading manifest: Invalid extension permission: about:reader*
1575968923803	Marionette	INFO	Listening on port 46637
1575968923821	Marionette	WARN	TLS certificate errors will be ignored for this session
1575968931209	Marionette	INFO	Stopped listening on port 46637
1575970631956	mozrunner::runner	INFO	Running command: "/usr/bin/firefox" "-marionette" "-foreground" "-no-remote" "-profile" "/tmp/rust_mozprofilepsXovK"
1575970632562	addons.webextension.screenshots@mozilla.org	WARN	Loading extension 'screenshots@mozilla.org': Reading manifest: Invalid extension permission: mozillaAddons
1575970632562	addons.webextension.screenshots@mozilla.org	WARN	Loading extension 'screenshots@mozilla.org': Reading manifest: Invalid extension permission: telemetry
1575970632562	addons.webextension.screenshots@mozilla.org	WARN	Loading extension 'screenshots@mozilla.org': Reading manifest: Invalid extension permission: resource://pdf.js/
1575970632562	addons.webextension.screenshots@mozilla.org	WARN	Loading extension 'screenshots@mozilla.org': Reading manifest: Invalid extension permission: about:reader*
1575970634881	Marionette	INFO	Listening on port 42209
1575970634964	Marionette	WARN	TLS certificate errors will be ignored for this session
[Parent 8359, Gecko_IOThread] WARNING: pipe error (74): Connection reset by peer: file /build/firefox-hE9N0Y/firefox-70.0.1+build1/ipc/chromium/src/chrome/common/ipc_channel_posix.cc, line 358
[Parent 8359, Gecko_IOThread] WARNING: pipe error (77): Connection reset by peer: file /build/firefox-hE9N0Y/firefox-70.0.1+build1/ipc/chromium/src/chrome/common/ipc_channel_posix.cc, line 358
JavaScript error: , line 0: UnknownError: The operation failed for reasons unrelated to the database itself and not covered by any other error code.
1575970726311	Marionette	INFO	Stopped listening on port 42209
1575970729868	mozrunner::runner	INFO	Running command: "/usr/bin/firefox" "-marionette" "-foreground" "-no-remote" "-profile" "/tmp/rust_mozprofileKlWOMQ"
1575970730460	addons.webextension.screenshots@mozilla.org	WARN	Loading extension 'screenshots@mozilla.org': Reading manifest: Invalid extension permission: mozillaAddons
1575970730460	addons.webextension.screenshots@mozilla.org	WARN	Loading extension 'screenshots@mozilla.org': Reading manifest: Invalid extension permission: telemetry
1575970730461	addons.webextension.screenshots@mozilla.org	WARN	Loading extension 'screenshots@mozilla.org': Reading manifest: Invalid extension permission: resource://pdf.js/
1575970730461	addons.webextension.screenshots@mozilla.org	WARN	Loading extension 'screenshots@mozilla.org': Reading manifest: Invalid extension permission: about:reader*
1575970732735	Marionette	INFO	Listening on port 43619
1575970732780	Marionette	WARN	TLS certificate errors will be ignored for this session
SourceActor threw an exception: [Exception... "Failed to open input source 'file:///'"  nsresult: "0x80520015 (NS_ERROR_FILE_ACCESS_DENIED)"  location: "JS frame :: resource://devtools/shared/DevToolsUtils.js :: mainThreadFetch/< :: line 678"  data: yes]
Stack: mainThreadFetch/<@resource://devtools/shared/DevToolsUtils.js:678:15
mainThreadFetch@resource://devtools/shared/DevToolsUtils.js:530:10
_fetchURLContents@resource://devtools/server/actors/utils/TabSources.js:580:22
urlContents@resource://devtools/server/actors/utils/TabSources.js:547:17
_resurrectSource@resource://devtools/server/actors/thread.js:2033:69
addAllSources@resource://devtools/server/actors/thread.js:1334:14
onSources@resource://devtools/server/actors/thread.js:1340:10
onPacket@resource://devtools/server/debugger-server-connection.js:378:58
receiveMessage@resource://devtools/shared/transport/child-transport.js:66:16
Line: 678, column: 0
console.error: ({})
JavaScript error: resource://devtools/shared/DevToolsUtils.js, line 678: NS_ERROR_FILE_ACCESS_DENIED: Failed to open input source 'file:///'
[Parent 8580, Gecko_IOThread] WARNING: pipe error (98): Connection reset by peer: file /build/firefox-hE9N0Y/firefox-70.0.1+build1/ipc/chromium/src/chrome/common/ipc_channel_posix.cc, line 358
[Parent 8580, Gecko_IOThread] WARNING: pipe error (74): Connection reset by peer: file /build/firefox-hE9N0Y/firefox-70.0.1+build1/ipc/chromium/src/chrome/common/ipc_channel_posix.cc, line 358
JavaScript error: , line 0: UnknownError: The operation failed for reasons unrelated to the database itself and not covered by any other error code.
1575971167780	Marionette	INFO	Stopped listening on port 43619
1575971170661	mozrunner::runner	INFO	Running command: "/usr/bin/firefox" "-marionette" "-foreground" "-no-remote" "-profile" "/tmp/rust_mozprofile0lXPS1"
1575971171255	addons.webextension.screenshots@mozilla.org	WARN	Loading extension 'screenshots@mozilla.org': Reading manifest: Invalid extension permission: mozillaAddons
1575971171255	addons.webextension.screenshots@mozilla.org	WARN	Loading extension 'screenshots@mozilla.org': Reading manifest: Invalid extension permission: telemetry
1575971171255	addons.webextension.screenshots@mozilla.org	WARN	Loading extension 'screenshots@mozilla.org': Reading manifest: Invalid extension permission: resource://pdf.js/
1575971171255	addons.webextension.screenshots@mozilla.org	WARN	Loading extension 'screenshots@mozilla.org': Reading manifest: Invalid extension permission: about:reader*
1575971173588	Marionette	INFO	Listening on port 35643
1575971173668	Marionette	WARN	TLS certificate errors will be ignored for this session
[Parent 8903, Gecko_IOThread] WARNING: pipe error (74): Connection reset by peer: file /build/firefox-hE9N0Y/firefox-70.0.1+build1/ipc/chromium/src/chrome/common/ipc_channel_posix.cc, line 358
[Parent 8903, Gecko_IOThread] WARNING: pipe error (91): Connection reset by peer: file /build/firefox-hE9N0Y/firefox-70.0.1+build1/ipc/chromium/src/chrome/common/ipc_channel_posix.cc, line 358
JavaScript error: , line 0: UnknownError: The operation failed for reasons unrelated to the database itself and not covered by any other error code.
1575971223236	Marionette	INFO	Stopped listening on port 35643
1575971224443	mozrunner::runner	INFO	Running command: "/usr/bin/firefox" "-marionette" "-foreground" "-no-remote" "-profile" "/tmp/rust_mozprofilecM6Qu2"
1575971225247	addons.webextension.screenshots@mozilla.org	WARN	Loading extension 'screenshots@mozilla.org': Reading manifest: Invalid extension permission: mozillaAddons
1575971225247	addons.webextension.screenshots@mozilla.org	WARN	Loading extension 'screenshots@mozilla.org': Reading manifest: Invalid extension permission: telemetry
1575971225247	addons.webextension.screenshots@mozilla.org	WARN	Loading extension 'screenshots@mozilla.org': Reading manifest: Invalid extension permission: resource://pdf.js/
1575971225247	addons.webextension.screenshots@mozilla.org	WARN	Loading extension 'screenshots@mozilla.org': Reading manifest: Invalid extension permission: about:reader*
1575971227939	Marionette	INFO	Listening on port 39491
1575971227955	Marionette	WARN	TLS certificate errors will be ignored for this session
1575971359471	mozrunner::runner	INFO	Running command: "/usr/bin/firefox" "-marionette" "-foreground" "-no-remote" "-profile" "/tmp/rust_mozprofileTv36Ft"
1575971360158	addons.webextension.screenshots@mozilla.org	WARN	Loading extension 'screenshots@mozilla.org': Reading manifest: Invalid extension permission: mozillaAddons
1575971360159	addons.webextension.screenshots@mozilla.org	WARN	Loading extension 'screenshots@mozilla.org': Reading manifest: Invalid extension permission: telemetry
1575971360159	addons.webextension.screenshots@mozilla.org	WARN	Loading extension 'screenshots@mozilla.org': Reading manifest: Invalid extension permission: resource://pdf.js/
1575971360159	addons.webextension.screenshots@mozilla.org	WARN	Loading extension 'screenshots@mozilla.org': Reading manifest: Invalid extension permission: about:reader*
1575971363252	Marionette	INFO	Listening on port 41831
1575971363283	Marionette	WARN	TLS certificate errors will be ignored for this session
[Parent 9360, Gecko_IOThread] WARNING: pipe error (91): Connection reset by peer: file /build/firefox-hE9N0Y/firefox-70.0.1+build1/ipc/chromium/src/chrome/common/ipc_channel_posix.cc, line 358
[Parent 9360, Gecko_IOThread] WARNING: pipe error (75): Connection reset by peer: file /build/firefox-hE9N0Y/firefox-70.0.1+build1/ipc/chromium/src/chrome/common/ipc_channel_posix.cc, line 358
JavaScript error: , line 0: UnknownError: The operation failed for reasons unrelated to the database itself and not covered by any other error code.
1575971447731	Marionette	INFO	Stopped listening on port 41831
1575971452086	mozrunner::runner	INFO	Running command: "/usr/bin/firefox" "-marionette" "-foreground" "-no-remote" "-profile" "/tmp/rust_mozprofileeDYVoZ"
1575971454025	addons.webextension.screenshots@mozilla.org	WARN	Loading extension 'screenshots@mozilla.org': Reading manifest: Invalid extension permission: mozillaAddons
1575971454025	addons.webextension.screenshots@mozilla.org	WARN	Loading extension 'screenshots@mozilla.org': Reading manifest: Invalid extension permission: telemetry
1575971454025	addons.webextension.screenshots@mozilla.org	WARN	Loading extension 'screenshots@mozilla.org': Reading manifest: Invalid extension permission: resource://pdf.js/
1575971454025	addons.webextension.screenshots@mozilla.org	WARN	Loading extension 'screenshots@mozilla.org': Reading manifest: Invalid extension permission: about:reader*
1575971461749	Marionette	INFO	Listening on port 46299
1575971461805	Marionette	WARN	TLS certificate errors will be ignored for this session
[Parent 9589, Gecko_IOThread] WARNING: pipe error (74): Connection reset by peer: file /build/firefox-hE9N0Y/firefox-70.0.1+build1/ipc/chromium/src/chrome/common/ipc_channel_posix.cc, line 358
[Parent 9589, Gecko_IOThread] WARNING: pipe error (88): Connection reset by peer: file /build/firefox-hE9N0Y/firefox-70.0.1+build1/ipc/chromium/src/chrome/common/ipc_channel_posix.cc, line 358
JavaScript error: , line 0: UnknownError: The operation failed for reasons unrelated to the database itself and not covered by any other error code.
1575971556427	Marionette	INFO	Stopped listening on port 46299
1575971561410	mozrunner::runner	INFO	Running command: "/usr/bin/firefox" "-marionette" "-foreground" "-no-remote" "-profile" "/tmp/rust_mozprofilevGN2ot"
1575971563381	addons.webextension.screenshots@mozilla.org	WARN	Loading extension 'screenshots@mozilla.org': Reading manifest: Invalid extension permission: mozillaAddons
1575971563382	addons.webextension.screenshots@mozilla.org	WARN	Loading extension 'screenshots@mozilla.org': Reading manifest: Invalid extension permission: telemetry
1575971563382	addons.webextension.screenshots@mozilla.org	WARN	Loading extension 'screenshots@mozilla.org': Reading manifest: Invalid extension permission: resource://pdf.js/
1575971563382	addons.webextension.screenshots@mozilla.org	WARN	Loading extension 'screenshots@mozilla.org': Reading manifest: Invalid extension permission: about:reader*
1575971570042	Marionette	INFO	Listening on port 42465
1575971570127	Marionette	WARN	TLS certificate errors will be ignored for this session
[Parent 9817, Gecko_IOThread] WARNING: pipe error (57): Connection reset by peer: file /build/firefox-hE9N0Y/firefox-70.0.1+build1/ipc/chromium/src/chrome/common/ipc_channel_posix.cc, line 358
[Parent 9817, Gecko_IOThread] WARNING: pipe error (67): Connection reset by peer: file /build/firefox-hE9N0Y/firefox-70.0.1+build1/ipc/chromium/src/chrome/common/ipc_channel_posix.cc, line 358
JavaScript error: , line 0: UnknownError: The operation failed for reasons unrelated to the database itself and not covered by any other error code.
1575971654704	Marionette	INFO	Stopped listening on port 42465
1575971658172	mozrunner::runner	INFO	Running command: "/usr/bin/firefox" "-marionette" "-foreground" "-no-remote" "-profile" "/tmp/rust_mozprofileyq3VvW"
1575971660162	addons.webextension.screenshots@mozilla.org	WARN	Loading extension 'screenshots@mozilla.org': Reading manifest: Invalid extension permission: mozillaAddons
1575971660163	addons.webextension.screenshots@mozilla.org	WARN	Loading extension 'screenshots@mozilla.org': Reading manifest: Invalid extension permission: telemetry
1575971660163	addons.webextension.screenshots@mozilla.org	WARN	Loading extension 'screenshots@mozilla.org': Reading manifest: Invalid extension permission: resource://pdf.js/
1575971660163	addons.webextension.screenshots@mozilla.org	WARN	Loading extension 'screenshots@mozilla.org': Reading manifest: Invalid extension permission: about:reader*
1575971667246	Marionette	INFO	Listening on port 42137
1575971667292	Marionette	WARN	TLS certificate errors will be ignored for this session
[Parent 10036, Gecko_IOThread] WARNING: pipe error (51): Connection reset by peer: file /build/firefox-hE9N0Y/firefox-70.0.1+build1/ipc/chromium/src/chrome/common/ipc_channel_posix.cc, line 358
[Parent 10036, Gecko_IOThread] WARNING: pipe error (105): Connection reset by peer: file /build/firefox-hE9N0Y/firefox-70.0.1+build1/ipc/chromium/src/chrome/common/ipc_channel_posix.cc, line 358
JavaScript error: , line 0: UnknownError: The operation failed for reasons unrelated to the database itself and not covered by any other error code.
1575971731236	Marionette	INFO	Stopped listening on port 42137
1575971737173	mozrunner::runner	INFO	Running command: "/usr/bin/firefox" "-marionette" "-foreground" "-no-remote" "-profile" "/tmp/rust_mozprofileIQBGnB"
1575971739219	addons.webextension.screenshots@mozilla.org	WARN	Loading extension 'screenshots@mozilla.org': Reading manifest: Invalid extension permission: mozillaAddons
1575971739219	addons.webextension.screenshots@mozilla.org	WARN	Loading extension 'screenshots@mozilla.org': Reading manifest: Invalid extension permission: telemetry
1575971739219	addons.webextension.screenshots@mozilla.org	WARN	Loading extension 'screenshots@mozilla.org': Reading manifest: Invalid extension permission: resource://pdf.js/
1575971739219	addons.webextension.screenshots@mozilla.org	WARN	Loading extension 'screenshots@mozilla.org': Reading manifest: Invalid extension permission: about:reader*
1575971747147	Marionette	INFO	Listening on port 33385
1575971747191	Marionette	WARN	TLS certificate errors will be ignored for this session
[Parent 10276, Gecko_IOThread] WARNING: pipe error (79): Connection reset by peer: file /build/firefox-hE9N0Y/firefox-70.0.1+build1/ipc/chromium/src/chrome/common/ipc_channel_posix.cc, line 358
[Parent 10276, Gecko_IOThread] WARNING: pipe error (73): Connection reset by peer: file /build/firefox-hE9N0Y/firefox-70.0.1+build1/ipc/chromium/src/chrome/common/ipc_channel_posix.cc, line 358
JavaScript error: , line 0: UnknownError: The operation failed for reasons unrelated to the database itself and not covered by any other error code.
1575971807533	Marionette	INFO	Stopped listening on port 33385
1575971813319	mozrunner::runner	INFO	Running command: "/usr/bin/firefox" "-marionette" "-foreground" "-no-remote" "-profile" "/tmp/rust_mozprofileH4ubPE"
1575971814086	addons.webextension.screenshots@mozilla.org	WARN	Loading extension 'screenshots@mozilla.org': Reading manifest: Invalid extension permission: mozillaAddons
1575971814087	addons.webextension.screenshots@mozilla.org	WARN	Loading extension 'screenshots@mozilla.org': Reading manifest: Invalid extension permission: telemetry
1575971814087	addons.webextension.screenshots@mozilla.org	WARN	Loading extension 'screenshots@mozilla.org': Reading manifest: Invalid extension permission: resource://pdf.js/
1575971814087	addons.webextension.screenshots@mozilla.org	WARN	Loading extension 'screenshots@mozilla.org': Reading manifest: Invalid extension permission: about:reader*
1575971816860	Marionette	INFO	Listening on port 38203
1575971816928	Marionette	WARN	TLS certificate errors will be ignored for this session
1575971822161	Marionette	INFO	Stopped listening on port 38203
JavaScript error: resource://gre/modules/UrlClassifierListManager.jsm, line 680: TypeError: this.tablesData[table] is undefined
1575971912440	mozrunner::runner	INFO	Running command: "/usr/bin/firefox" "-marionette" "-foreground" "-no-remote" "-profile" "/tmp/rust_mozprofileSGOOOU"
1575971913315	addons.webextension.screenshots@mozilla.org	WARN	Loading extension 'screenshots@mozilla.org': Reading manifest: Invalid extension permission: mozillaAddons
1575971913315	addons.webextension.screenshots@mozilla.org	WARN	Loading extension 'screenshots@mozilla.org': Reading manifest: Invalid extension permission: telemetry
1575971913316	addons.webextension.screenshots@mozilla.org	WARN	Loading extension 'screenshots@mozilla.org': Reading manifest: Invalid extension permission: resource://pdf.js/
1575971913316	addons.webextension.screenshots@mozilla.org	WARN	Loading extension 'screenshots@mozilla.org': Reading manifest: Invalid extension permission: about:reader*
1575971917414	Marionette	INFO	Listening on port 40327
1575971917451	Marionette	WARN	TLS certificate errors will be ignored for this session
1575971922922	Marionette	INFO	Stopped listening on port 40327

###!!! [Child][RunMessage] Error: Channel closing: too late to send/recv, messages will be lost


###!!! [Child][RunMessage] Error: Channel closing: too late to send/recv, messages will be lost


###!!! [Child][RunMessage] Error: Channel closing: too late to send/recv, messages will be lost


###!!! [Child][RunMessage] Error: Channel closing: too late to send/recv, messages will be lost

1575976922845	mozrunner::runner	INFO	Running command: "/usr/bin/firefox" "-marionette" "-foreground" "-no-remote" "-profile" "/tmp/rust_mozprofileyUBzBH"
1575976923548	addons.webextension.screenshots@mozilla.org	WARN	Loading extension 'screenshots@mozilla.org': Reading manifest: Invalid extension permission: mozillaAddons
1575976923548	addons.webextension.screenshots@mozilla.org	WARN	Loading extension 'screenshots@mozilla.org': Reading manifest: Invalid extension permission: telemetry
1575976923549	addons.webextension.screenshots@mozilla.org	WARN	Loading extension 'screenshots@mozilla.org': Reading manifest: Invalid extension permission: resource://pdf.js/
1575976923549	addons.webextension.screenshots@mozilla.org	WARN	Loading extension 'screenshots@mozilla.org': Reading manifest: Invalid extension permission: about:reader*
1575976926216	Marionette	INFO	Listening on port 40863
1575976926259	Marionette	WARN	TLS certificate errors will be ignored for this session
1575976930014	Marionette	INFO	Stopped listening on port 40863
1575977834460	mozrunner::runner	INFO	Running command: "/usr/bin/firefox" "-marionette" "-foreground" "-no-remote" "-profile" "/tmp/rust_mozprofilev7qtlh"
1575977835035	addons.webextension.screenshots@mozilla.org	WARN	Loading extension 'screenshots@mozilla.org': Reading manifest: Invalid extension permission: mozillaAddons
1575977835035	addons.webextension.screenshots@mozilla.org	WARN	Loading extension 'screenshots@mozilla.org': Reading manifest: Invalid extension permission: telemetry
1575977835035	addons.webextension.screenshots@mozilla.org	WARN	Loading extension 'screenshots@mozilla.org': Reading manifest: Invalid extension permission: resource://pdf.js/
1575977835035	addons.webextension.screenshots@mozilla.org	WARN	Loading extension 'screenshots@mozilla.org': Reading manifest: Invalid extension permission: about:reader*
1575977837479	Marionette	INFO	Listening on port 35441
1575977837568	Marionette	WARN	TLS certificate errors will be ignored for this session
Exiting due to channel error.
Exiting due to channel error.
Exiting due to channel error.
1575977885242	mozrunner::runner	INFO	Running command: "/usr/bin/firefox" "-marionette" "-foreground" "-no-remote" "-profile" "/tmp/rust_mozprofileDqX1p9"
1575977885866	addons.webextension.screenshots@mozilla.org	WARN	Loading extension 'screenshots@mozilla.org': Reading manifest: Invalid extension permission: mozillaAddons
1575977885866	addons.webextension.screenshots@mozilla.org	WARN	Loading extension 'screenshots@mozilla.org': Reading manifest: Invalid extension permission: telemetry
1575977885866	addons.webextension.screenshots@mozilla.org	WARN	Loading extension 'screenshots@mozilla.org': Reading manifest: Invalid extension permission: resource://pdf.js/
1575977885866	addons.webextension.screenshots@mozilla.org	WARN	Loading extension 'screenshots@mozilla.org': Reading manifest: Invalid extension permission: about:reader*
1575977888277	Marionette	INFO	Listening on port 45951
1575977888351	Marionette	WARN	TLS certificate errors will be ignored for this session
Exiting due to channel error.
Exiting due to channel error.
Exiting due to channel error.
1575977928467	mozrunner::runner	INFO	Running command: "/usr/bin/firefox" "-marionette" "-foreground" "-no-remote" "-profile" "/tmp/rust_mozprofileRZSpgc"
1575977929068	addons.webextension.screenshots@mozilla.org	WARN	Loading extension 'screenshots@mozilla.org': Reading manifest: Invalid extension permission: mozillaAddons
1575977929068	addons.webextension.screenshots@mozilla.org	WARN	Loading extension 'screenshots@mozilla.org': Reading manifest: Invalid extension permission: telemetry
1575977929068	addons.webextension.screenshots@mozilla.org	WARN	Loading extension 'screenshots@mozilla.org': Reading manifest: Invalid extension permission: resource://pdf.js/
1575977929068	addons.webextension.screenshots@mozilla.org	WARN	Loading extension 'screenshots@mozilla.org': Reading manifest: Invalid extension permission: about:reader*
1575977931559	Marionette	INFO	Listening on port 35223
1575977931578	Marionette	WARN	TLS certificate errors will be ignored for this session
Exiting due to channel error.
Exiting due to channel error.
Exiting due to channel error.
1575977966515	mozrunner::runner	INFO	Running command: "/usr/bin/firefox" "-marionette" "-foreground" "-no-remote" "-profile" "/tmp/rust_mozprofileMcD76k"
1575977967168	addons.webextension.screenshots@mozilla.org	WARN	Loading extension 'screenshots@mozilla.org': Reading manifest: Invalid extension permission: mozillaAddons
1575977967168	addons.webextension.screenshots@mozilla.org	WARN	Loading extension 'screenshots@mozilla.org': Reading manifest: Invalid extension permission: telemetry
1575977967169	addons.webextension.screenshots@mozilla.org	WARN	Loading extension 'screenshots@mozilla.org': Reading manifest: Invalid extension permission: resource://pdf.js/
1575977967169	addons.webextension.screenshots@mozilla.org	WARN	Loading extension 'screenshots@mozilla.org': Reading manifest: Invalid extension permission: about:reader*
1575977969647	Marionette	INFO	Listening on port 42173
1575977969724	Marionette	WARN	TLS certificate errors will be ignored for this session
1575977974862	Marionette	INFO	Stopped listening on port 42173
1575978026604	mozrunner::runner	INFO	Running command: "/usr/bin/firefox" "-marionette" "-foreground" "-no-remote" "-profile" "/tmp/rust_mozprofilehEyD9c"
1575978027202	addons.webextension.screenshots@mozilla.org	WARN	Loading extension 'screenshots@mozilla.org': Reading manifest: Invalid extension permission: mozillaAddons
1575978027202	addons.webextension.screenshots@mozilla.org	WARN	Loading extension 'screenshots@mozilla.org': Reading manifest: Invalid extension permission: telemetry
1575978027202	addons.webextension.screenshots@mozilla.org	WARN	Loading extension 'screenshots@mozilla.org': Reading manifest: Invalid extension permission: resource://pdf.js/
1575978027202	addons.webextension.screenshots@mozilla.org	WARN	Loading extension 'screenshots@mozilla.org': Reading manifest: Invalid extension permission: about:reader*
1575978029614	Marionette	INFO	Listening on port 44017
1575978029715	Marionette	WARN	TLS certificate errors will be ignored for this session
1575978033585	Marionette	INFO	Stopped listening on port 44017
1575978179165	mozrunner::runner	INFO	Running command: "/usr/bin/firefox" "-marionette" "-foreground" "-no-remote" "-profile" "/tmp/rust_mozprofileazqZKq"
1575978179757	addons.webextension.screenshots@mozilla.org	WARN	Loading extension 'screenshots@mozilla.org': Reading manifest: Invalid extension permission: mozillaAddons
1575978179757	addons.webextension.screenshots@mozilla.org	WARN	Loading extension 'screenshots@mozilla.org': Reading manifest: Invalid extension permission: telemetry
1575978179758	addons.webextension.screenshots@mozilla.org	WARN	Loading extension 'screenshots@mozilla.org': Reading manifest: Invalid extension permission: resource://pdf.js/
1575978179758	addons.webextension.screenshots@mozilla.org	WARN	Loading extension 'screenshots@mozilla.org': Reading manifest: Invalid extension permission: about:reader*
1575978182051	Marionette	INFO	Listening on port 39145
1575978182089	Marionette	WARN	TLS certificate errors will be ignored for this session
1575978258678	mozrunner::runner	INFO	Running command: "/usr/bin/firefox" "-marionette" "-foreground" "-no-remote" "-profile" "/tmp/rust_mozprofileFV2dwO"
1575978259269	addons.webextension.screenshots@mozilla.org	WARN	Loading extension 'screenshots@mozilla.org': Reading manifest: Invalid extension permission: mozillaAddons
1575978259269	addons.webextension.screenshots@mozilla.org	WARN	Loading extension 'screenshots@mozilla.org': Reading manifest: Invalid extension permission: telemetry
1575978259269	addons.webextension.screenshots@mozilla.org	WARN	Loading extension 'screenshots@mozilla.org': Reading manifest: Invalid extension permission: resource://pdf.js/
1575978259269	addons.webextension.screenshots@mozilla.org	WARN	Loading extension 'screenshots@mozilla.org': Reading manifest: Invalid extension permission: about:reader*
1575978261707	Marionette	INFO	Listening on port 33605
1575978261786	Marionette	WARN	TLS certificate errors will be ignored for this session
1575978280642	Marionette	INFO	Stopped listening on port 33605

###!!! [Child][RunMessage] Error: Channel closing: too late to send/recv, messages will be lost


###!!! [Child][RunMessage] Error: Channel closing: too late to send/recv, messages will be lost


###!!! [Child][RunMessage] Error: Channel closing: too late to send/recv, messages will be lost


###!!! [Child][RunMessage] Error: Channel closing: too late to send/recv, messages will be lost


###!!! [Child][RunMessage] Error: Channel closing: too late to send/recv, messages will be lost

1575978755832	mozrunner::runner	INFO	Running command: "/usr/bin/firefox" "-marionette" "-foreground" "-no-remote" "-profile" "/tmp/rust_mozprofile6sCz2H"
1575978756479	addons.webextension.screenshots@mozilla.org	WARN	Loading extension 'screenshots@mozilla.org': Reading manifest: Invalid extension permission: mozillaAddons
1575978756479	addons.webextension.screenshots@mozilla.org	WARN	Loading extension 'screenshots@mozilla.org': Reading manifest: Invalid extension permission: telemetry
1575978756480	addons.webextension.screenshots@mozilla.org	WARN	Loading extension 'screenshots@mozilla.org': Reading manifest: Invalid extension permission: resource://pdf.js/
1575978756480	addons.webextension.screenshots@mozilla.org	WARN	Loading extension 'screenshots@mozilla.org': Reading manifest: Invalid extension permission: about:reader*
1575978758799	Marionette	INFO	Listening on port 35223
1575978758844	Marionette	WARN	TLS certificate errors will be ignored for this session
Exiting due to channel error.
[GFX1-]: Receive IPC close with reason=AbnormalShutdown
[Child 14889, Chrome_ChildThread] WARNING: pipe error (3): Connection reset by peer: file /build/firefox-hE9N0Y/firefox-70.0.1+build1/ipc/chromium/src/chrome/common/ipc_channel_posix.cc, line 358
Exiting due to channel error.
Exiting due to channel error.
[GFX1-]: Receive IPC close with reason=AbnormalShutdown
[Child 15341, Chrome_ChildThread] WARNING: pipe error (3): Connection reset by peer: file /build/firefox-hE9N0Y/firefox-70.0.1+build1/ipc/chromium/src/chrome/common/ipc_channel_posix.cc, line 358
Exiting due to channel error.
Exiting due to channel error.
Exiting due to channel error.
1575978789229	mozrunner::runner	INFO	Running command: "/usr/bin/firefox" "-marionette" "-foreground" "-no-remote" "-profile" "/tmp/rust_mozprofilelhv2Q6"
1575978789820	addons.webextension.screenshots@mozilla.org	WARN	Loading extension 'screenshots@mozilla.org': Reading manifest: Invalid extension permission: mozillaAddons
1575978789820	addons.webextension.screenshots@mozilla.org	WARN	Loading extension 'screenshots@mozilla.org': Reading manifest: Invalid extension permission: telemetry
1575978789820	addons.webextension.screenshots@mozilla.org	WARN	Loading extension 'screenshots@mozilla.org': Reading manifest: Invalid extension permission: resource://pdf.js/
1575978789820	addons.webextension.screenshots@mozilla.org	WARN	Loading extension 'screenshots@mozilla.org': Reading manifest: Invalid extension permission: about:reader*
1575978792194	Marionette	INFO	Listening on port 37011
1575978792237	Marionette	WARN	TLS certificate errors will be ignored for this session
1575978835650	Marionette	INFO	Stopped listening on port 37011
[Parent 15474, Gecko_IOThread] WARNING: pipe error (74): Connection reset by peer: file /build/firefox-hE9N0Y/firefox-70.0.1+build1/ipc/chromium/src/chrome/common/ipc_channel_posix.cc, line 358
[Parent 15474, Gecko_IOThread] WARNING: pipe error (92): Connection reset by peer: file /build/firefox-hE9N0Y/firefox-70.0.1+build1/ipc/chromium/src/chrome/common/ipc_channel_posix.cc, line 358
1575978850698	mozrunner::runner	INFO	Running command: "/usr/bin/firefox" "-marionette" "-foreground" "-no-remote" "-profile" "/tmp/rust_mozprofile2m4i6I"
1575978851292	addons.webextension.screenshots@mozilla.org	WARN	Loading extension 'screenshots@mozilla.org': Reading manifest: Invalid extension permission: mozillaAddons
1575978851293	addons.webextension.screenshots@mozilla.org	WARN	Loading extension 'screenshots@mozilla.org': Reading manifest: Invalid extension permission: telemetry
1575978851293	addons.webextension.screenshots@mozilla.org	WARN	Loading extension 'screenshots@mozilla.org': Reading manifest: Invalid extension permission: resource://pdf.js/
1575978851293	addons.webextension.screenshots@mozilla.org	WARN	Loading extension 'screenshots@mozilla.org': Reading manifest: Invalid extension permission: about:reader*
1575978853666	Marionette	INFO	Listening on port 42785
1575978853705	Marionette	WARN	TLS certificate errors will be ignored for this session
1575978857494	Marionette	INFO	Stopped listening on port 42785
[Parent 9119, Gecko_IOThread] WARNING: pipe error (54): Connection reset by peer: file /build/firefox-hE9N0Y/firefox-70.0.1+build1/ipc/chromium/src/chrome/common/ipc_channel_posix.cc, line 358
[Parent 9119, Gecko_IOThread] WARNING: pipe error (74): Connection reset by peer: file /build/firefox-hE9N0Y/firefox-70.0.1+build1/ipc/chromium/src/chrome/common/ipc_channel_posix.cc, line 358
JavaScript error: , line 0: UnknownError: The operation failed for reasons unrelated to the database itself and not covered by any other error code.
1575979964410	Marionette	INFO	Stopped listening on port 39491
